<?xml version="1.0" encoding="UTF-8"?>
<!-- Generated by org.testng.reporters.JUnitReportReporter -->
<testsuite hostname="CELSYS130-BLR" failures="0" tests="31" name="com.froalacharts.testcases.OnLoadEventsTest" time="58.304" errors="0" timestamp="27 Oct 2020 14:37:07 GMT">
  <testcase classname="com.froalacharts.testcases.OnLoadEventsTest" name="legendItemClicked" time="6.840"/>
  <testcase classname="com.froalacharts.testcases.OnLoadEventsTest" name="chartMouseMove" time="0.368"/>
  <testcase classname="com.froalacharts.testcases.OnLoadEventsTest" name="chartRollOver" time="0.307"/>
  <testcase classname="com.froalacharts.testcases.OnLoadEventsTest" name="beforeRender" time="0.086"/>
  <testcase classname="com.froalacharts.testcases.OnLoadEventsTest" name="animationInvoked" time="2.157"/>
  <testcase classname="com.froalacharts.testcases.OnLoadEventsTest" name="beforeDraw" time="0.082"/>
  <testcase classname="com.froalacharts.testcases.OnLoadEventsTest" name="exported" time="0.072"/>
  <testcase classname="com.froalacharts.testcases.OnLoadEventsTest" name="chartClick" time="10.083"/>
  <testcase classname="com.froalacharts.testcases.OnLoadEventsTest" name="chartRollOut" time="0.309"/>
  <testcase classname="com.froalacharts.testcases.OnLoadEventsTest" name="dataUpdated" time="0.102"/>
  <testcase classname="com.froalacharts.testcases.OnLoadEventsTest" name="dataplotRollOut" time="0.281"/>
  <testcase classname="com.froalacharts.testcases.OnLoadEventsTest" name="legendItemRollover" time="0.136"/>
  <testcase classname="com.froalacharts.testcases.OnLoadEventsTest" name="dataLoaded" time="0.056"/>
  <testcase classname="com.froalacharts.testcases.OnLoadEventsTest" name="disposed" time="0.147"/>
  <testcase classname="com.froalacharts.testcases.OnLoadEventsTest" name="beforeExport" time="22.444"/>
  <testcase classname="com.froalacharts.testcases.OnLoadEventsTest" name="dataplotClick" time="0.278"/>
  <testcase classname="com.froalacharts.testcases.OnLoadEventsTest" name="beforeDispose" time="2.262"/>
  <testcase classname="com.froalacharts.testcases.OnLoadEventsTest" name="beforeDataUpdate" time="0.096"/>
  <testcase classname="com.froalacharts.testcases.OnLoadEventsTest" name="loaded" time="0.089"/>
  <testcase classname="com.froalacharts.testcases.OnLoadEventsTest" name="ready" time="0.049"/>
  <testcase classname="com.froalacharts.testcases.OnLoadEventsTest" name="initialized" time="0.104"/>
  <testcase classname="com.froalacharts.testcases.OnLoadEventsTest" name="renderComplete" time="0.084"/>
  <testcase classname="com.froalacharts.testcases.OnLoadEventsTest" name="legendItemRollout" time="0.089"/>
  <testcase classname="com.froalacharts.testcases.OnLoadEventsTest" name="printComplete" time="0.175"/>
  <testcase classname="com.froalacharts.testcases.OnLoadEventsTest" name="dataplotRollOver" time="1.095"/>
  <testcase classname="com.froalacharts.testcases.OnLoadEventsTest" name="rendered" time="0.058"/>
  <testcase classname="com.froalacharts.testcases.OnLoadEventsTest" name="resized" time="2.330"/>
  <testcase classname="com.froalacharts.testcases.OnLoadEventsTest" name="beforeResize" time="5.687"/>
  <testcase classname="com.froalacharts.testcases.OnLoadEventsTest" name="beforeInitialize" time="0.095"/>
  <testcase classname="com.froalacharts.testcases.OnLoadEventsTest" name="beforePrint" time="2.253"/>
  <testcase classname="com.froalacharts.testcases.OnLoadEventsTest" name="drawComplete" time="0.090"/>
</testsuite> <!-- com.froalacharts.testcases.OnLoadEventsTest -->
