<?xml version="1.0" encoding="UTF-8"?>
<!-- Generated by org.testng.reporters.JUnitReportReporter -->
<testsuite hostname="CELSYS130-BLR" failures="0" tests="31" name="com.froalacharts.testcases.OnLoadEventsTest" time="61.811" errors="0" timestamp="29 Oct 2020 09:43:25 GMT">
  <testcase classname="com.froalacharts.testcases.OnLoadEventsTest" name="legendItemClicked" time="7.295"/>
  <testcase classname="com.froalacharts.testcases.OnLoadEventsTest" name="chartMouseMove" time="0.253"/>
  <testcase classname="com.froalacharts.testcases.OnLoadEventsTest" name="chartRollOver" time="0.276"/>
  <testcase classname="com.froalacharts.testcases.OnLoadEventsTest" name="beforeRender" time="0.302"/>
  <testcase classname="com.froalacharts.testcases.OnLoadEventsTest" name="animationInvoked" time="2.212"/>
  <testcase classname="com.froalacharts.testcases.OnLoadEventsTest" name="beforeDraw" time="0.252"/>
  <testcase classname="com.froalacharts.testcases.OnLoadEventsTest" name="exported" time="0.238"/>
  <testcase classname="com.froalacharts.testcases.OnLoadEventsTest" name="chartClick" time="10.287"/>
  <testcase classname="com.froalacharts.testcases.OnLoadEventsTest" name="chartRollOut" time="0.274"/>
  <testcase classname="com.froalacharts.testcases.OnLoadEventsTest" name="dataUpdated" time="0.284"/>
  <testcase classname="com.froalacharts.testcases.OnLoadEventsTest" name="dataplotRollOut" time="0.388"/>
  <testcase classname="com.froalacharts.testcases.OnLoadEventsTest" name="legendItemRollover" time="0.304"/>
  <testcase classname="com.froalacharts.testcases.OnLoadEventsTest" name="dataLoaded" time="0.086"/>
  <testcase classname="com.froalacharts.testcases.OnLoadEventsTest" name="disposed" time="0.096"/>
  <testcase classname="com.froalacharts.testcases.OnLoadEventsTest" name="beforeExport" time="22.577"/>
  <testcase classname="com.froalacharts.testcases.OnLoadEventsTest" name="dataplotClick" time="0.361"/>
  <testcase classname="com.froalacharts.testcases.OnLoadEventsTest" name="beforeDispose" time="2.343"/>
  <testcase classname="com.froalacharts.testcases.OnLoadEventsTest" name="beforeDataUpdate" time="0.183"/>
  <testcase classname="com.froalacharts.testcases.OnLoadEventsTest" name="loaded" time="0.292"/>
  <testcase classname="com.froalacharts.testcases.OnLoadEventsTest" name="ready" time="0.154"/>
  <testcase classname="com.froalacharts.testcases.OnLoadEventsTest" name="initialized" time="0.161"/>
  <testcase classname="com.froalacharts.testcases.OnLoadEventsTest" name="renderComplete" time="0.281"/>
  <testcase classname="com.froalacharts.testcases.OnLoadEventsTest" name="legendItemRollout" time="0.274"/>
  <testcase classname="com.froalacharts.testcases.OnLoadEventsTest" name="printComplete" time="0.153"/>
  <testcase classname="com.froalacharts.testcases.OnLoadEventsTest" name="dataplotRollOver" time="1.450"/>
  <testcase classname="com.froalacharts.testcases.OnLoadEventsTest" name="rendered" time="0.162"/>
  <testcase classname="com.froalacharts.testcases.OnLoadEventsTest" name="resized" time="2.286"/>
  <testcase classname="com.froalacharts.testcases.OnLoadEventsTest" name="beforeResize" time="5.943"/>
  <testcase classname="com.froalacharts.testcases.OnLoadEventsTest" name="beforeInitialize" time="0.206"/>
  <testcase classname="com.froalacharts.testcases.OnLoadEventsTest" name="beforePrint" time="2.252"/>
  <testcase classname="com.froalacharts.testcases.OnLoadEventsTest" name="drawComplete" time="0.186"/>
</testsuite> <!-- com.froalacharts.testcases.OnLoadEventsTest -->
