<?xml version="1.0" encoding="UTF-8"?>
<!-- Generated by org.testng.reporters.JUnitXMLReporter -->
<testsuite hostname="LPMB-Kol-Saurav.local" name="Clone" tests="28" failures="0" timestamp="17 Oct 2019 09:10:02 GMT" time="12.059" errors="0">
  <testcase name="rendered" time="0.009" classname="com.fusioncharts.testcases.OnLoadEventsTest"/>
  <testcase name="loaded" time="0.003" classname="com.fusioncharts.testcases.OnLoadEventsTest"/>
  <testcase name="renderComplete" time="0.002" classname="com.fusioncharts.testcases.OnLoadEventsTest"/>
  <testcase name="beforeRender" time="0.001" classname="com.fusioncharts.testcases.OnLoadEventsTest"/>
  <testcase name="beforeInitialize" time="0.001" classname="com.fusioncharts.testcases.OnLoadEventsTest"/>
  <testcase name="initialized" time="0.001" classname="com.fusioncharts.testcases.OnLoadEventsTest"/>
  <testcase name="drawComplete" time="0.03" classname="com.fusioncharts.testcases.OnLoadEventsTest"/>
  <testcase name="beforeDataUpdate" time="0.005" classname="com.fusioncharts.testcases.OnLoadEventsTest"/>
  <testcase name="dataUpdated" time="0.001" classname="com.fusioncharts.testcases.OnLoadEventsTest"/>
  <testcase name="dataLoaded" time="0.001" classname="com.fusioncharts.testcases.OnLoadEventsTest"/>
  <testcase name="beforeDispose" time="0.001" classname="com.fusioncharts.testcases.OnLoadEventsTest"/>
  <testcase name="disposed" time="0.003" classname="com.fusioncharts.testcases.OnLoadEventsTest"/>
  <testcase name="beforeResize" time="0.002" classname="com.fusioncharts.testcases.OnLoadEventsTest"/>
  <testcase name="resized" time="0.001" classname="com.fusioncharts.testcases.OnLoadEventsTest"/>
  <testcase name="chartClick" time="0.003" classname="com.fusioncharts.testcases.OnLoadEventsTest"/>
  <testcase name="chartMouseMove" time="0.001" classname="com.fusioncharts.testcases.OnLoadEventsTest"/>
  <testcase name="chartRollOver" time="0.001" classname="com.fusioncharts.testcases.OnLoadEventsTest"/>
  <testcase name="chartRollOut" time="0.002" classname="com.fusioncharts.testcases.OnLoadEventsTest"/>
  <testcase name="beforeExport" time="0.001" classname="com.fusioncharts.testcases.OnLoadEventsTest"/>
  <testcase name="exported" time="0.012" classname="com.fusioncharts.testcases.OnLoadEventsTest"/>
  <testcase name="dataplotRollOver" time="0.001" classname="com.fusioncharts.testcases.OnLoadEventsTest"/>
  <testcase name="dataplotRollOut" time="0.001" classname="com.fusioncharts.testcases.OnLoadEventsTest"/>
  <testcase name="dataplotClick" time="0.001" classname="com.fusioncharts.testcases.OnLoadEventsTest"/>
  <testcase name="beforePrint" time="0.001" classname="com.fusioncharts.testcases.OnLoadEventsTest"/>
  <testcase name="printComplete" time="0.009" classname="com.fusioncharts.testcases.OnLoadEventsTest"/>
  <testcase name="animationInvoked" time="0.001" classname="com.fusioncharts.testcases.OnLoadEventsTest"/>
  <testcase name="beforeDraw" time="0.002" classname="com.fusioncharts.testcases.OnLoadEventsTest"/>
  <testcase name="ready" time="0.013" classname="com.fusioncharts.testcases.OnLoadEventsTest"/>
</testsuite> <!-- Clone -->
