<?xml version="1.0" encoding="UTF-8"?>
<!-- Generated by org.testng.reporters.JUnitXMLReporter -->
<testsuite hostname="Souviks-MacBook-Pro.local" failures="10" tests="10" name="EventsCountTest" time="0.029" errors="0" timestamp="21 Feb 2020 13:47:57 GMT">
  <testcase classname="com.fusioncharts.testcases.EventsCountTest" name="animationinvokedCountValidate" time="0.001">
    <failure type="java.lang.NullPointerException">
      <![CDATA[java.lang.NullPointerException
	at com.fusioncharts.testcases.EventsCountTest.animationinvokedCountValidate(EventsCountTest.java:86)
... Removed 24 stack frames]]>
    </failure>
  </testcase> <!-- animationinvokedCountValidate -->
  <testcase classname="com.fusioncharts.testcases.EventsCountTest" name="beforedataupdateCountValidate" time="0.0">
    <failure type="java.lang.NullPointerException">
      <![CDATA[java.lang.NullPointerException
	at com.fusioncharts.testcases.EventsCountTest.beforedataupdateCountValidate(EventsCountTest.java:93)
... Removed 24 stack frames]]>
    </failure>
  </testcase> <!-- beforedataupdateCountValidate -->
  <testcase classname="com.fusioncharts.testcases.EventsCountTest" name="beforedisposeCountValidate" time="0.001">
    <failure type="java.lang.NullPointerException">
      <![CDATA[java.lang.NullPointerException
	at com.fusioncharts.testcases.EventsCountTest.beforedisposeCountValidate(EventsCountTest.java:100)
... Removed 24 stack frames]]>
    </failure>
  </testcase> <!-- beforedisposeCountValidate -->
  <testcase classname="com.fusioncharts.testcases.EventsCountTest" name="beforedrawCountValidate" time="0.001">
    <failure type="java.lang.NullPointerException">
      <![CDATA[java.lang.NullPointerException
	at com.fusioncharts.testcases.EventsCountTest.beforedrawCountValidate(EventsCountTest.java:107)
... Removed 24 stack frames]]>
    </failure>
  </testcase> <!-- beforedrawCountValidate -->
  <testcase classname="com.fusioncharts.testcases.EventsCountTest" name="beforeexportCountValidate" time="0.001">
    <failure type="java.lang.NullPointerException">
      <![CDATA[java.lang.NullPointerException
	at com.fusioncharts.testcases.EventsCountTest.beforeexportCountValidate(EventsCountTest.java:114)
... Removed 24 stack frames]]>
    </failure>
  </testcase> <!-- beforeexportCountValidate -->
  <testcase classname="com.fusioncharts.testcases.EventsCountTest" name="beforeinitializeCountValidate" time="0.0">
    <failure type="java.lang.NullPointerException">
      <![CDATA[java.lang.NullPointerException
	at com.fusioncharts.testcases.EventsCountTest.beforeinitializeCountValidate(EventsCountTest.java:121)
... Removed 24 stack frames]]>
    </failure>
  </testcase> <!-- beforeinitializeCountValidate -->
  <testcase classname="com.fusioncharts.testcases.EventsCountTest" name="beforeprintCountValidate" time="0.001">
    <failure type="java.lang.NullPointerException">
      <![CDATA[java.lang.NullPointerException
	at com.fusioncharts.testcases.EventsCountTest.beforeprintCountValidate(EventsCountTest.java:128)
... Removed 24 stack frames]]>
    </failure>
  </testcase> <!-- beforeprintCountValidate -->
  <testcase classname="com.fusioncharts.testcases.EventsCountTest" name="beforerenderCountValidate" time="0.002">
    <failure type="java.lang.NullPointerException">
      <![CDATA[java.lang.NullPointerException
	at com.fusioncharts.testcases.EventsCountTest.beforerenderCountValidate(EventsCountTest.java:135)
... Removed 24 stack frames]]>
    </failure>
  </testcase> <!-- beforerenderCountValidate -->
  <testcase classname="com.fusioncharts.testcases.EventsCountTest" name="beforeresizeCountValidate" time="0.001">
    <failure type="java.lang.NullPointerException">
      <![CDATA[java.lang.NullPointerException
	at com.fusioncharts.testcases.EventsCountTest.beforeresizeCountValidate(EventsCountTest.java:142)
... Removed 24 stack frames]]>
    </failure>
  </testcase> <!-- beforeresizeCountValidate -->
  <testcase classname="com.fusioncharts.testcases.EventsCountTest" name="eventsCountTest" time="0.006">
    <failure type="java.lang.NullPointerException">
      <![CDATA[java.lang.NullPointerException
	at com.fusioncharts.testcases.EventsCountTest.eventsCountTest(EventsCountTest.java:79)
... Removed 24 stack frames]]>
    </failure>
  </testcase> <!-- eventsCountTest -->
</testsuite> <!-- EventsCountTest -->
