<?xml version="1.0" encoding="UTF-8"?>
<!-- Generated by org.testng.reporters.JUnitXMLReporter -->
<testsuite hostname="LANSA-TEST" failures="0" tests="31" name="OnLoadEventsTest" time="115.899" errors="0" timestamp="15 Sep 2020 11:57:58 GMT">
  <testcase classname="com.froalacharts.testcases.OnLoadEventsTest" name="beforeDraw" time="0.358"/>
  <testcase classname="com.froalacharts.testcases.OnLoadEventsTest" name="loaded" time="0.488"/>
  <testcase classname="com.froalacharts.testcases.OnLoadEventsTest" name="beforeRender" time="0.855"/>
  <testcase classname="com.froalacharts.testcases.OnLoadEventsTest" name="renderComplete" time="0.383"/>
  <testcase classname="com.froalacharts.testcases.OnLoadEventsTest" name="beforeInitialize" time="0.369"/>
  <testcase classname="com.froalacharts.testcases.OnLoadEventsTest" name="initialized" time="0.378"/>
  <testcase classname="com.froalacharts.testcases.OnLoadEventsTest" name="drawComplete" time="0.303"/>
  <testcase classname="com.froalacharts.testcases.OnLoadEventsTest" name="beforeDataUpdate" time="0.255"/>
  <testcase classname="com.froalacharts.testcases.OnLoadEventsTest" name="dataUpdated" time="0.247"/>
  <testcase classname="com.froalacharts.testcases.OnLoadEventsTest" name="dataLoaded" time="0.167"/>
  <testcase classname="com.froalacharts.testcases.OnLoadEventsTest" name="animationInvoked" time="2.807"/>
  <testcase classname="com.froalacharts.testcases.OnLoadEventsTest" name="rendered" time="0.503"/>
  <testcase classname="com.froalacharts.testcases.OnLoadEventsTest" name="ready" time="0.483"/>
  <testcase classname="com.froalacharts.testcases.OnLoadEventsTest" name="beforeDispose" time="4.41"/>
  <testcase classname="com.froalacharts.testcases.OnLoadEventsTest" name="disposed" time="1.176"/>
  <testcase classname="com.froalacharts.testcases.OnLoadEventsTest" name="beforeResize" time="8.762"/>
  <testcase classname="com.froalacharts.testcases.OnLoadEventsTest" name="resized" time="3.24"/>
  <testcase classname="com.froalacharts.testcases.OnLoadEventsTest" name="chartClick" time="12.271"/>
  <testcase classname="com.froalacharts.testcases.OnLoadEventsTest" name="chartMouseMove" time="0.306"/>
  <testcase classname="com.froalacharts.testcases.OnLoadEventsTest" name="chartRollOver" time="0.502"/>
  <testcase classname="com.froalacharts.testcases.OnLoadEventsTest" name="chartRollOut" time="0.443"/>
  <testcase classname="com.froalacharts.testcases.OnLoadEventsTest" name="beforeExport" time="23.575"/>
  <testcase classname="com.froalacharts.testcases.OnLoadEventsTest" name="exported" time="0.49"/>
  <testcase classname="com.froalacharts.testcases.OnLoadEventsTest" name="dataplotRollOver" time="2.163"/>
  <testcase classname="com.froalacharts.testcases.OnLoadEventsTest" name="dataplotRollOut" time="0.501"/>
  <testcase classname="com.froalacharts.testcases.OnLoadEventsTest" name="dataplotClick" time="0.373"/>
  <testcase classname="com.froalacharts.testcases.OnLoadEventsTest" name="beforePrint" time="2.306"/>
  <testcase classname="com.froalacharts.testcases.OnLoadEventsTest" name="printComplete" time="0.228"/>
  <testcase classname="com.froalacharts.testcases.OnLoadEventsTest" name="legendItemClicked" time="8.388"/>
  <testcase classname="com.froalacharts.testcases.OnLoadEventsTest" name="legendItemRollover" time="0.424"/>
  <testcase classname="com.froalacharts.testcases.OnLoadEventsTest" name="legendItemRollout" time="0.313"/>
</testsuite> <!-- OnLoadEventsTest -->
