<?xml version="1.0" encoding="UTF-8"?>
<!-- Generated by org.testng.reporters.JUnitXMLReporter -->
<testsuite hostname="Souviks-MacBook-Pro.local" failures="3" tests="31" name="OnLoadEventsTest" time="45.746" errors="0" timestamp="25 Feb 2020 09:30:42 GMT">
  <testcase classname="com.fusioncharts.testcases.OnLoadEventsTest" name="beforeDraw" time="0.081"/>
  <testcase classname="com.fusioncharts.testcases.OnLoadEventsTest" name="loaded" time="0.091"/>
  <testcase classname="com.fusioncharts.testcases.OnLoadEventsTest" name="beforeRender" time="0.111"/>
  <testcase classname="com.fusioncharts.testcases.OnLoadEventsTest" name="renderComplete" time="0.342"/>
  <testcase classname="com.fusioncharts.testcases.OnLoadEventsTest" name="beforeInitialize" time="0.21"/>
  <testcase classname="com.fusioncharts.testcases.OnLoadEventsTest" name="initialized" time="0.245"/>
  <testcase classname="com.fusioncharts.testcases.OnLoadEventsTest" name="drawComplete" time="0.294"/>
  <testcase classname="com.fusioncharts.testcases.OnLoadEventsTest" name="beforeDataUpdate" time="1.195"/>
  <testcase classname="com.fusioncharts.testcases.OnLoadEventsTest" name="dataUpdated" time="0.189"/>
  <testcase classname="com.fusioncharts.testcases.OnLoadEventsTest" name="dataLoaded" time="0.155"/>
  <testcase classname="com.fusioncharts.testcases.OnLoadEventsTest" name="animationInvoked" time="0.15"/>
  <testcase classname="com.fusioncharts.testcases.OnLoadEventsTest" name="rendered" time="0.128"/>
  <testcase classname="com.fusioncharts.testcases.OnLoadEventsTest" name="ready" time="0.144"/>
  <testcase classname="com.fusioncharts.testcases.OnLoadEventsTest" name="beforeDispose" time="2.909"/>
  <testcase classname="com.fusioncharts.testcases.OnLoadEventsTest" name="disposed" time="0.119"/>
  <testcase classname="com.fusioncharts.testcases.OnLoadEventsTest" name="beforeResize" time="6.532"/>
  <testcase classname="com.fusioncharts.testcases.OnLoadEventsTest" name="resized" time="0.121"/>
  <testcase classname="com.fusioncharts.testcases.OnLoadEventsTest" name="chartClick" time="8.955"/>
  <testcase classname="com.fusioncharts.testcases.OnLoadEventsTest" name="chartMouseMove" time="0.133"/>
  <testcase classname="com.fusioncharts.testcases.OnLoadEventsTest" name="chartRollOver" time="0.138"/>
  <testcase classname="com.fusioncharts.testcases.OnLoadEventsTest" name="chartRollOut" time="0.129"/>
  <testcase classname="com.fusioncharts.testcases.OnLoadEventsTest" name="beforeExport" time="2.501"/>
  <testcase classname="com.fusioncharts.testcases.OnLoadEventsTest" name="exported" time="0.142"/>
  <testcase classname="com.fusioncharts.testcases.OnLoadEventsTest" name="dataplotRollOver" time="0.686"/>
  <testcase classname="com.fusioncharts.testcases.OnLoadEventsTest" name="dataplotRollOut" time="0.168"/>
  <testcase classname="com.fusioncharts.testcases.OnLoadEventsTest" name="dataplotClick" time="0.153"/>
  <testcase classname="com.fusioncharts.testcases.OnLoadEventsTest" name="beforePrint" time="2.094"/>
  <testcase classname="com.fusioncharts.testcases.OnLoadEventsTest" name="printComplete" time="0.065"/>
  <testcase classname="com.fusioncharts.testcases.OnLoadEventsTest" name="legendItemClicked" time="5.762">
    <failure type="java.lang.AssertionError" message="visible is true expected [true] but found [false]">
      <![CDATA[java.lang.AssertionError: visible is true expected [true] but found [false]
	at com.fusioncharts.events.LegendItemClicked.legenditemclicked(LegendItemClicked.java:56)
	at com.fusioncharts.testcases.OnLoadEventsTest.legendItemClicked(OnLoadEventsTest.java:298)
... Removed 27 stack frames]]>
    </failure>
  </testcase> <!-- legendItemClicked -->
  <testcase classname="com.fusioncharts.testcases.OnLoadEventsTest" name="legendItemRollover" time="0.124">
    <failure type="java.lang.AssertionError" message="visible is true expected [true] but found [false]">
      <![CDATA[java.lang.AssertionError: visible is true expected [true] but found [false]
	at com.fusioncharts.events.LegendItemRollOver.legenditemrollover(LegendItemRollOver.java:56)
	at com.fusioncharts.testcases.OnLoadEventsTest.legendItemRollover(OnLoadEventsTest.java:304)
... Removed 27 stack frames]]>
    </failure>
  </testcase> <!-- legendItemRollover -->
  <testcase classname="com.fusioncharts.testcases.OnLoadEventsTest" name="legendItemRollout" time="0.116">
    <failure type="java.lang.AssertionError" message="visible is true expected [true] but found [false]">
      <![CDATA[java.lang.AssertionError: visible is true expected [true] but found [false]
	at com.fusioncharts.events.LegendItemRollOut.legenditemrollout(LegendItemRollOut.java:56)
	at com.fusioncharts.testcases.OnLoadEventsTest.legendItemRollout(OnLoadEventsTest.java:310)
... Removed 27 stack frames]]>
    </failure>
  </testcase> <!-- legendItemRollout -->
</testsuite> <!-- OnLoadEventsTest -->
