<?xml version="1.0" encoding="UTF-8"?>
<!-- Generated by org.testng.reporters.JUnitXMLReporter -->
<testsuite hostname="CELSYS130-BLR" failures="0" tests="25" name="SpecificEventsTest" time="110.424" errors="0" timestamp="29 Oct 2020 09:40:55 GMT">
  <testcase classname="com.froalacharts.testcases.SpecificEventsTest" name="timenavbrushScale" time="7.073"/>
  <testcase classname="com.froalacharts.testcases.SpecificEventsTest" name="timenavbrushstartScale" time="0.181"/>
  <testcase classname="com.froalacharts.testcases.SpecificEventsTest" name="timenavbrushendScale" time="0.19"/>
  <testcase classname="com.froalacharts.testcases.SpecificEventsTest" name="timenavbrushTranslate" time="9.229"/>
  <testcase classname="com.froalacharts.testcases.SpecificEventsTest" name="timenavbrushstartTranslate" time="0.213"/>
  <testcase classname="com.froalacharts.testcases.SpecificEventsTest" name="timenavbrushendTranslate" time="0.202"/>
  <testcase classname="com.froalacharts.testcases.SpecificEventsTest" name="canvaswheel" time="13.067"/>
  <testcase classname="com.froalacharts.testcases.SpecificEventsTest" name="canvasdrag" time="9.339"/>
  <testcase classname="com.froalacharts.testcases.SpecificEventsTest" name="canvasdragstart" time="0.197"/>
  <testcase classname="com.froalacharts.testcases.SpecificEventsTest" name="canvasdragend" time="0.183"/>
  <testcase classname="com.froalacharts.testcases.SpecificEventsTest" name="customrangeselect" time="10.93"/>
  <testcase classname="com.froalacharts.testcases.SpecificEventsTest" name="standardrangeselect" time="4.889"/>
  <testcase classname="com.froalacharts.testcases.SpecificEventsTest" name="selectionchange" time="0.143"/>
  <testcase classname="com.froalacharts.testcases.SpecificEventsTest" name="referencelineclick" time="8.951"/>
  <testcase classname="com.froalacharts.testcases.SpecificEventsTest" name="referencelinerollout" time="0.232"/>
  <testcase classname="com.froalacharts.testcases.SpecificEventsTest" name="referencelinerollover" time="0.221"/>
  <testcase classname="com.froalacharts.testcases.SpecificEventsTest" name="referencezoneclick" time="8.953"/>
  <testcase classname="com.froalacharts.testcases.SpecificEventsTest" name="referencezonerollout" time="0.197"/>
  <testcase classname="com.froalacharts.testcases.SpecificEventsTest" name="referencezonerollover" time="0.208"/>
  <testcase classname="com.froalacharts.testcases.SpecificEventsTest" name="datamarkerclick" time="9.274"/>
  <testcase classname="com.froalacharts.testcases.SpecificEventsTest" name="datamarkerrollout" time="0.277"/>
  <testcase classname="com.froalacharts.testcases.SpecificEventsTest" name="datamarkerrollover" time="0.289"/>
  <testcase classname="com.froalacharts.testcases.SpecificEventsTest" name="timemarkerclick" time="9.326"/>
  <testcase classname="com.froalacharts.testcases.SpecificEventsTest" name="timemarkerrollout" time="0.119"/>
  <testcase classname="com.froalacharts.testcases.SpecificEventsTest" name="timemarkerrollover" time="0.117"/>
</testsuite> <!-- SpecificEventsTest -->
