<?xml version="1.0" encoding="UTF-8"?>
<!-- Generated by org.testng.reporters.JUnitXMLReporter -->
<testsuite hostname="CELSYS130-BLR" failures="0" tests="25" name="SpecificEventsTest" time="102.798" errors="0" timestamp="27 Oct 2020 14:34:55 GMT">
  <testcase classname="com.froalacharts.testcases.SpecificEventsTest" name="timenavbrushScale" time="7.337"/>
  <testcase classname="com.froalacharts.testcases.SpecificEventsTest" name="timenavbrushstartScale" time="0.252"/>
  <testcase classname="com.froalacharts.testcases.SpecificEventsTest" name="timenavbrushendScale" time="0.106"/>
  <testcase classname="com.froalacharts.testcases.SpecificEventsTest" name="timenavbrushTranslate" time="8.957"/>
  <testcase classname="com.froalacharts.testcases.SpecificEventsTest" name="timenavbrushstartTranslate" time="0.212"/>
  <testcase classname="com.froalacharts.testcases.SpecificEventsTest" name="timenavbrushendTranslate" time="0.205"/>
  <testcase classname="com.froalacharts.testcases.SpecificEventsTest" name="canvaswheel" time="12.611"/>
  <testcase classname="com.froalacharts.testcases.SpecificEventsTest" name="canvasdrag" time="8.997"/>
  <testcase classname="com.froalacharts.testcases.SpecificEventsTest" name="canvasdragstart" time="0.213"/>
  <testcase classname="com.froalacharts.testcases.SpecificEventsTest" name="canvasdragend" time="0.19"/>
  <testcase classname="com.froalacharts.testcases.SpecificEventsTest" name="customrangeselect" time="10.064"/>
  <testcase classname="com.froalacharts.testcases.SpecificEventsTest" name="standardrangeselect" time="4.037"/>
  <testcase classname="com.froalacharts.testcases.SpecificEventsTest" name="selectionchange" time="0.067"/>
  <testcase classname="com.froalacharts.testcases.SpecificEventsTest" name="referencelineclick" time="8.747"/>
  <testcase classname="com.froalacharts.testcases.SpecificEventsTest" name="referencelinerollout" time="0.136"/>
  <testcase classname="com.froalacharts.testcases.SpecificEventsTest" name="referencelinerollover" time="0.071"/>
  <testcase classname="com.froalacharts.testcases.SpecificEventsTest" name="referencezoneclick" time="8.503"/>
  <testcase classname="com.froalacharts.testcases.SpecificEventsTest" name="referencezonerollout" time="0.238"/>
  <testcase classname="com.froalacharts.testcases.SpecificEventsTest" name="referencezonerollover" time="0.105"/>
  <testcase classname="com.froalacharts.testcases.SpecificEventsTest" name="datamarkerclick" time="8.695"/>
  <testcase classname="com.froalacharts.testcases.SpecificEventsTest" name="datamarkerrollout" time="0.104"/>
  <testcase classname="com.froalacharts.testcases.SpecificEventsTest" name="datamarkerrollover" time="0.092"/>
  <testcase classname="com.froalacharts.testcases.SpecificEventsTest" name="timemarkerclick" time="8.562"/>
  <testcase classname="com.froalacharts.testcases.SpecificEventsTest" name="timemarkerrollout" time="0.167"/>
  <testcase classname="com.froalacharts.testcases.SpecificEventsTest" name="timemarkerrollover" time="0.074"/>
</testsuite> <!-- SpecificEventsTest -->
